<?xml version="1.0" encoding="UTF-8"?>
<testsuite name="testauto.TestApi" tests="1" skipped="0" failures="0" errors="0" timestamp="2026-05-23T07:59:09.722Z" hostname="MS-SILVER" time="6.192">
  <properties/>
  <testcase name="testDeleteUser" classname="testauto.TestApi" time="1.237"/>
  <system-out><![CDATA[HTTP/1.1 200 OK
Cache-Control: public, max-age=0, must-revalidate
Content-Encoding: gzip
Content-Type: application/json
Date: Sat, 23 May 2026 07:59:14 GMT
Permissions-Policy: geolocation=(), microphone=(), camera=()
Referrer-Policy: strict-origin-when-cross-origin
Server: Vercel
Strict-Transport-Security: max-age=63072000
Vary: RSC, Next-Router-State-Tree, Next-Router-Prefetch
X-Content-Type-Options: nosniff
X-Frame-Options: DENY
X-Matched-Path: /api/auth/login
X-Ratelimit-Limit: 100
X-Ratelimit-Remaining: 98
X-Ratelimit-Reset: 2026-05-23T08:00:13.502Z
X-Vercel-Cache: MISS
X-Vercel-Id: sin1::iad1::xz9d4-1779523153462-f00dc53d4284
X-Xss-Protection: 1; mode=block
Transfer-Encoding: chunked

{
    "success": true,
    "message": "Login berhasil",
    "data": {
        "user": {
            "id": "2de2898a-19c5-42fe-b645-32986eaf7bd9",
            "email": "nikenriri05@gmail.com",
            "nama": "Niken Riri",
            "created_at": "2026-04-30T05:24:57.51991+00:00",
            "updated_at": "2026-04-30T05:24:57.51991+00:00"
        },
        "token": "eyJhbGciOiJIUzI1NiJ9.eyJ1c2VySWQiOiIyZGUyODk4YS0xOWM1LTQyZmUtYjY0NS0zMjk4NmVhZjdiZDkiLCJlbWFpbCI6Im5pa2VucmlyaTA1QGdtYWlsLmNvbSIsIm5hbWEiOiJOaWtlbiBSaXJpIiwiaWF0IjoxNzc5NTIzMTU0LCJleHAiOjE3ODAxMjc5NTR9.CFxtyAhcYeF-VGN1CVV3j9JItB70P09MxHS07oGDPLo"
    }
}
HTTP/1.1 200 OK
Cache-Control: public, max-age=0, must-revalidate
Content-Encoding: gzip
Content-Type: application/json
Date: Sat, 23 May 2026 07:59:16 GMT
Permissions-Policy: geolocation=(), microphone=(), camera=()
Referrer-Policy: strict-origin-when-cross-origin
Server: Vercel
Strict-Transport-Security: max-age=63072000
Vary: RSC, Next-Router-State-Tree, Next-Router-Prefetch
X-Content-Type-Options: nosniff
X-Frame-Options: DENY
X-Matched-Path: /api/siswa/[id]
X-Ratelimit-Limit: 100
X-Ratelimit-Remaining: 98
X-Ratelimit-Reset: 2026-05-23T08:00:16.144Z
X-Vercel-Cache: MISS
X-Vercel-Id: sin1::iad1::jfm4j-1779523156107-816ed445e859
X-Xss-Protection: 1; mode=block
Transfer-Encoding: chunked

{
    "success": true,
    "message": "Siswa berhasil dihapus"
}
]]></system-out>
  <system-err><![CDATA[]]></system-err>
</testsuite>
